app/build/intermediates/manifest_merge_blame_file/debug/manifest-merger-blame-debug-report.txt
1<?xml version="1.0" encoding="utf-8"?>
2<!--
3    ~ Copyright 2022 The TensorFlow Authors. All Rights Reserved.
4    ~
5    ~ Licensed under the Apache License, Version 2.0 (the "License");
6    ~ you may not use this file except in compliance with the License.
7    ~ You may obtain a copy of the License at
8    ~
9    ~       http://www.apache.org/licenses/LICENSE-2.0
10    ~
11    ~ Unless required by applicable law or agreed to in writing, software
12    ~ distributed under the License is distributed on an "AS IS" BASIS,
13    ~ WITHOUT WARRANTIES OR CONDITIONS OF ANY KIND, either express or implied.
14    ~ See the License for the specific language governing permissions and
15    ~ limitations under the License.
16-->
17<manifest xmlns:android="http://schemas.android.com/apk/res/android"
18    xmlns:dist="http://schemas.android.com/apk/distribution"
19    package="org.tensorflow.lite.examples.objectdetection"
20    android:versionCode="1"
21    android:versionName="1.0.0" >
22
23    <uses-sdk
24        android:minSdkVersion="21"
24-->src\main\AndroidManifest.xml
25        android:targetSdkVersion="32" />
25-->src\main\AndroidManifest.xml
26
27    <!-- Enable instant app support -->
28    <dist:module dist:instant="true" />
28-->src\main\AndroidManifest.xml:24:5-40
28-->src\main\AndroidManifest.xml:24:18-37
29
30    <!-- Declare features -->
31    <uses-feature android:name="android.hardware.camera" />
31-->src\main\AndroidManifest.xml:27:5-60
31-->src\main\AndroidManifest.xml:27:19-57
32
33    <!-- Declare permissions -->
34    <uses-permission android:name="android.permission.CAMERA" />
34-->src\main\AndroidManifest.xml:30:5-65
34-->src\main\AndroidManifest.xml:30:22-62
35
36    <uses-feature
36-->src\main\AndroidManifest.xml:33:5-90
37        android:name="android.hardware.sensor.light"
37-->src\main\AndroidManifest.xml:33:19-63
38        android:required="true" />
38-->src\main\AndroidManifest.xml:33:64-87
39
40    <uses-permission android:name="android.permission.VIBRATE" />
40-->src\main\AndroidManifest.xml:34:5-66
40-->src\main\AndroidManifest.xml:34:22-63
41
42    <!-- Although the *SdkVersion is captured in gradle build files, this is required for non gradle builds -->
43    <!-- <uses-sdk android:minSdkVersion="14"/> -->
44    <uses-permission android:name="android.permission.ACCESS_NETWORK_STATE" />
44-->[com.google.android.datatransport:transport-backend-cct:2.3.3] AndroidManifest.xml:25:5-79
44-->[com.google.android.datatransport:transport-backend-cct:2.3.3] AndroidManifest.xml:25:22-76
45    <uses-permission android:name="android.permission.INTERNET" />
45-->[com.google.android.datatransport:transport-backend-cct:2.3.3] AndroidManifest.xml:26:5-67
45-->[com.google.android.datatransport:transport-backend-cct:2.3.3] AndroidManifest.xml:26:22-64
46    <uses-permission android:name="android.permission.WRITE_EXTERNAL_STORAGE" />
47    <uses-permission android:name="android.permission.READ_PHONE_STATE" />
48    <uses-permission android:name="android.permission.READ_EXTERNAL_STORAGE" />
49
50    <application
50-->src\main\AndroidManifest.xml:39:5-74:19
51        android:allowBackup="true"
51-->src\main\AndroidManifest.xml:43:9-35
52        android:appComponentFactory="androidx.core.app.CoreComponentFactory"
52-->[androidx.core:core:1.6.0] AndroidManifest.xml:24:18-86
53        android:debuggable="true"
54        android:icon="@mipmap/ic_launcher"
54-->src\main\AndroidManifest.xml:40:9-43
55        android:label=""
55-->src\main\AndroidManifest.xml:42:9-25
56        android:roundIcon="@mipmap/ic_launcher_round"
56-->src\main\AndroidManifest.xml:41:9-54
57        android:taskAffinity="" >
57-->src\main\AndroidManifest.xml:44:9-32
58        <meta-data
58-->src\main\AndroidManifest.xml:47:9-49:35
59            android:name="com.google.mlkit.vision.DEPENDENCIES"
59-->src\main\AndroidManifest.xml:48:13-64
60            android:value="ocr" />
60-->src\main\AndroidManifest.xml:49:13-32
61
62        <activity
62-->src\main\AndroidManifest.xml:51:9-72:20
63            android:name="org.tensorflow.lite.examples.objectdetection.MainActivity"
63-->src\main\AndroidManifest.xml:52:13-41
64            android:clearTaskOnLaunch="true"
64-->src\main\AndroidManifest.xml:54:13-45
65            android:configChanges="orientation|screenLayout|screenSize|smallestScreenSize"
65-->src\main\AndroidManifest.xml:60:13-91
66            android:exported="true"
66-->src\main\AndroidManifest.xml:56:13-36
67            android:icon="@mipmap/ic_launcher"
67-->src\main\AndroidManifest.xml:57:13-47
68            android:label=""
68-->src\main\AndroidManifest.xml:53:13-29
69            android:resizeableActivity="true"
69-->src\main\AndroidManifest.xml:59:13-46
70            android:rotationAnimation="seamless"
70-->src\main\AndroidManifest.xml:58:13-49
71            android:theme="@style/AppTheme" >
71-->src\main\AndroidManifest.xml:55:13-44
72
73            <!-- Main app intent filter -->
74            <intent-filter>
74-->src\main\AndroidManifest.xml:64:13-67:29
75                <action android:name="android.intent.action.MAIN" />
75-->src\main\AndroidManifest.xml:65:17-69
75-->src\main\AndroidManifest.xml:65:25-66
76
77                <category android:name="android.intent.category.LAUNCHER" />
77-->src\main\AndroidManifest.xml:66:17-77
77-->src\main\AndroidManifest.xml:66:27-74
78            </intent-filter>
79
80            <!-- Declare notch support -->
81            <meta-data
81-->src\main\AndroidManifest.xml:70:13-83
82                android:name="android.notch_support"
82-->src\main\AndroidManifest.xml:70:24-60
83                android:value="true" />
83-->src\main\AndroidManifest.xml:70:61-81
84        </activity>
85
86        <uses-library
86-->[androidx.window:window:1.0.0-alpha09] AndroidManifest.xml:25:9-27:40
87            android:name="androidx.window.extensions"
87-->[androidx.window:window:1.0.0-alpha09] AndroidManifest.xml:26:13-54
88            android:required="false" />
88-->[androidx.window:window:1.0.0-alpha09] AndroidManifest.xml:27:13-37
89        <uses-library
89-->[androidx.window:window:1.0.0-alpha09] AndroidManifest.xml:28:9-30:40
90            android:name="androidx.window.sidecar"
90-->[androidx.window:window:1.0.0-alpha09] AndroidManifest.xml:29:13-51
91            android:required="false" />
91-->[androidx.window:window:1.0.0-alpha09] AndroidManifest.xml:30:13-37
92
93        <service
93-->[androidx.camera:camera-camera2:1.1.0-beta03] AndroidManifest.xml:26:9-35:19
94            android:name="androidx.camera.core.impl.MetadataHolderService"
94-->[androidx.camera:camera-camera2:1.1.0-beta03] AndroidManifest.xml:27:13-75
95            android:enabled="false"
95-->[androidx.camera:camera-camera2:1.1.0-beta03] AndroidManifest.xml:28:13-36
96            android:exported="false" >
96-->[androidx.camera:camera-camera2:1.1.0-beta03] AndroidManifest.xml:29:13-37
97            <meta-data
97-->[androidx.camera:camera-camera2:1.1.0-beta03] AndroidManifest.xml:32:13-34:89
98                android:name="androidx.camera.core.impl.MetadataHolderService.DEFAULT_CONFIG_PROVIDER"
98-->[androidx.camera:camera-camera2:1.1.0-beta03] AndroidManifest.xml:33:17-103
99                android:value="androidx.camera.camera2.Camera2Config$DefaultProvider" />
99-->[androidx.camera:camera-camera2:1.1.0-beta03] AndroidManifest.xml:34:17-86
100        </service>
101        <service
101-->[com.google.android.gms:play-services-tflite-gpu:16.0.0] AndroidManifest.xml:9:9-21:19
102            android:name="com.google.android.gms.metadata.ModuleDependencies"
102-->[com.google.android.gms:play-services-tflite-gpu:16.0.0] AndroidManifest.xml:10:13-78
103            android:enabled="false"
103-->[com.google.android.gms:play-services-tflite-gpu:16.0.0] AndroidManifest.xml:11:13-36
104            android:exported="false" >
104-->[com.google.android.gms:play-services-tflite-gpu:16.0.0] AndroidManifest.xml:12:13-37
105            <intent-filter>
105-->[com.google.android.gms:play-services-tflite-gpu:16.0.0] AndroidManifest.xml:14:13-16:29
106                <action android:name="com.google.android.gms.metadata.MODULE_DEPENDENCIES" />
106-->[com.google.android.gms:play-services-tflite-gpu:16.0.0] AndroidManifest.xml:15:17-94
106-->[com.google.android.gms:play-services-tflite-gpu:16.0.0] AndroidManifest.xml:15:25-91
107            </intent-filter>
108
109            <meta-data
109-->[com.google.android.gms:play-services-tflite-gpu:16.0.0] AndroidManifest.xml:18:13-20:36
110                android:name="tflite_gpu_dynamite:222612000:required"
110-->[com.google.android.gms:play-services-tflite-gpu:16.0.0] AndroidManifest.xml:19:17-70
111                android:value="" />
111-->[com.google.android.gms:play-services-tflite-gpu:16.0.0] AndroidManifest.xml:20:17-33
112            <meta-data
112-->[com.google.android.gms:play-services-tflite-impl:16.0.0] AndroidManifest.xml:18:13-20:36
113                android:name="tflite_dynamite:3:required"
113-->[com.google.android.gms:play-services-tflite-impl:16.0.0] AndroidManifest.xml:19:17-58
114                android:value="" />
114-->[com.google.android.gms:play-services-tflite-impl:16.0.0] AndroidManifest.xml:20:17-33
115        </service>
116        <service
116-->[com.google.android.gms:play-services-mlkit-text-recognition-common:18.0.0] AndroidManifest.xml:9:9-15:19
117            android:name="com.google.mlkit.common.internal.MlKitComponentDiscoveryService"
117-->[com.google.android.gms:play-services-mlkit-text-recognition-common:18.0.0] AndroidManifest.xml:10:13-91
118            android:directBootAware="true"
118-->[com.google.mlkit:common:18.5.0] AndroidManifest.xml:17:13-43
119            android:exported="false" >
119-->[com.google.android.gms:play-services-mlkit-text-recognition-common:18.0.0] AndroidManifest.xml:11:13-37
120            <meta-data
120-->[com.google.android.gms:play-services-mlkit-text-recognition-common:18.0.0] AndroidManifest.xml:12:13-14:85
121                android:name="com.google.firebase.components:com.google.mlkit.vision.text.internal.TextRegistrar"
121-->[com.google.android.gms:play-services-mlkit-text-recognition-common:18.0.0] AndroidManifest.xml:13:17-114
122                android:value="com.google.firebase.components.ComponentRegistrar" />
122-->[com.google.android.gms:play-services-mlkit-text-recognition-common:18.0.0] AndroidManifest.xml:14:17-82
123            <meta-data
123-->[com.google.mlkit:vision-common:17.2.1] AndroidManifest.xml:12:13-14:85
124                android:name="com.google.firebase.components:com.google.mlkit.vision.common.internal.VisionCommonRegistrar"
124-->[com.google.mlkit:vision-common:17.2.1] AndroidManifest.xml:13:17-124
125                android:value="com.google.firebase.components.ComponentRegistrar" />
125-->[com.google.mlkit:vision-common:17.2.1] AndroidManifest.xml:14:17-82
126            <meta-data
126-->[com.google.mlkit:common:18.5.0] AndroidManifest.xml:20:13-22:85
127                android:name="com.google.firebase.components:com.google.mlkit.common.internal.CommonComponentRegistrar"
127-->[com.google.mlkit:common:18.5.0] AndroidManifest.xml:21:17-120
128                android:value="com.google.firebase.components.ComponentRegistrar" />
128-->[com.google.mlkit:common:18.5.0] AndroidManifest.xml:22:17-82
129        </service>
130
131        <provider
131-->[com.google.mlkit:common:18.5.0] AndroidManifest.xml:9:9-13:38
132            android:name="com.google.mlkit.common.internal.MlKitInitProvider"
132-->[com.google.mlkit:common:18.5.0] AndroidManifest.xml:10:13-78
133            android:authorities="org.tensorflow.lite.examples.objectdetection.mlkitinitprovider"
133-->[com.google.mlkit:common:18.5.0] AndroidManifest.xml:11:13-69
134            android:exported="false"
134-->[com.google.mlkit:common:18.5.0] AndroidManifest.xml:12:13-37
135            android:initOrder="99" />
135-->[com.google.mlkit:common:18.5.0] AndroidManifest.xml:13:13-35
136
137        <activity
137-->[com.google.android.gms:play-services-base:18.1.0] AndroidManifest.xml:20:9-22:45
138            android:name="com.google.android.gms.common.api.GoogleApiActivity"
138-->[com.google.android.gms:play-services-base:18.1.0] AndroidManifest.xml:20:19-85
139            android:exported="false"
139-->[com.google.android.gms:play-services-base:18.1.0] AndroidManifest.xml:22:19-43
140            android:theme="@android:style/Theme.Translucent.NoTitleBar" />
140-->[com.google.android.gms:play-services-base:18.1.0] AndroidManifest.xml:21:19-78
141
142        <meta-data
142-->[com.google.android.gms:play-services-basement:18.1.0] AndroidManifest.xml:21:9-23:69
143            android:name="com.google.android.gms.version"
143-->[com.google.android.gms:play-services-basement:18.1.0] AndroidManifest.xml:22:13-58
144            android:value="@integer/google_play_services_version" />
144-->[com.google.android.gms:play-services-basement:18.1.0] AndroidManifest.xml:23:13-66
145
146        <provider
146-->[androidx.lifecycle:lifecycle-process:2.2.0] AndroidManifest.xml:25:9-29:43
147            android:name="androidx.lifecycle.ProcessLifecycleOwnerInitializer"
147-->[androidx.lifecycle:lifecycle-process:2.2.0] AndroidManifest.xml:26:13-79
148            android:authorities="org.tensorflow.lite.examples.objectdetection.lifecycle-process"
148-->[androidx.lifecycle:lifecycle-process:2.2.0] AndroidManifest.xml:27:13-69
149            android:exported="false"
149-->[androidx.lifecycle:lifecycle-process:2.2.0] AndroidManifest.xml:28:13-37
150            android:multiprocess="true" />
150-->[androidx.lifecycle:lifecycle-process:2.2.0] AndroidManifest.xml:29:13-40
151
152        <service
152-->[com.google.android.datatransport:transport-backend-cct:2.3.3] AndroidManifest.xml:29:9-35:19
153            android:name="com.google.android.datatransport.runtime.backends.TransportBackendDiscovery"
153-->[com.google.android.datatransport:transport-backend-cct:2.3.3] AndroidManifest.xml:30:13-103
154            android:exported="false" >
154-->[com.google.android.datatransport:transport-backend-cct:2.3.3] AndroidManifest.xml:31:13-37
155            <meta-data
155-->[com.google.android.datatransport:transport-backend-cct:2.3.3] AndroidManifest.xml:32:13-34:39
156                android:name="backend:com.google.android.datatransport.cct.CctBackendFactory"
156-->[com.google.android.datatransport:transport-backend-cct:2.3.3] AndroidManifest.xml:33:17-94
157                android:value="cct" />
157-->[com.google.android.datatransport:transport-backend-cct:2.3.3] AndroidManifest.xml:34:17-36
158        </service>
159        <service
159-->[com.google.android.datatransport:transport-runtime:2.2.6] AndroidManifest.xml:26:9-30:19
160            android:name="com.google.android.datatransport.runtime.scheduling.jobscheduling.JobInfoSchedulerService"
160-->[com.google.android.datatransport:transport-runtime:2.2.6] AndroidManifest.xml:27:13-117
161            android:exported="false"
161-->[com.google.android.datatransport:transport-runtime:2.2.6] AndroidManifest.xml:28:13-37
162            android:permission="android.permission.BIND_JOB_SERVICE" >
162-->[com.google.android.datatransport:transport-runtime:2.2.6] AndroidManifest.xml:29:13-69
163        </service>
164
165        <receiver
165-->[com.google.android.datatransport:transport-runtime:2.2.6] AndroidManifest.xml:32:9-34:40
166            android:name="com.google.android.datatransport.runtime.scheduling.jobscheduling.AlarmManagerSchedulerBroadcastReceiver"
166-->[com.google.android.datatransport:transport-runtime:2.2.6] AndroidManifest.xml:33:13-132
167            android:exported="false" />
167-->[com.google.android.datatransport:transport-runtime:2.2.6] AndroidManifest.xml:34:13-37
168    </application>
169
170</manifest>